[0m13:24:32.310592 [debug] [MainThread]: Sending event: {'category': 'dbt', 'action': 'invocation', 'label': 'start', 'context': [<snowplow_tracker.self_describing_json.SelfDescribingJson object at 0x7103abdc94e0>, <snowplow_tracker.self_describing_json.SelfDescribingJson object at 0x7103aa4ee440>, <snowplow_tracker.self_describing_json.SelfDescribingJson object at 0x7103aa4ee3e0>]}


============================== 13:24:32.316056 | 2a7689ad-f459-46cc-8f11-82ea244924d4 ==============================
[0m13:24:32.316056 [info ] [MainThread]: Running with dbt=1.8.1
[0m13:24:32.316857 [debug] [MainThread]: running dbt with arguments {'printer_width': '80', 'indirect_selection': 'eager', 'write_json': 'True', 'log_cache_events': 'False', 'partial_parse': 'True', 'cache_selected_only': 'False', 'profiles_dir': '/home/viniciusgadea/.dbt', 'fail_fast': 'False', 'debug': 'False', 'log_path': 'logs', 'version_check': 'True', 'warn_error': 'None', 'use_colors': 'True', 'use_experimental_parser': 'False', 'no_print': 'None', 'quiet': 'False', 'log_format': 'default', 'introspect': 'True', 'warn_error_options': 'WarnErrorOptions(include=[], exclude=[])', 'invocation_command': 'dbt init neoway_case', 'target_path': 'None', 'static_parser': 'True', 'send_anonymous_usage_stats': 'True'}
[0m13:24:32.330036 [debug] [MainThread]: Starter project path: /home/viniciusgadea/Projetos_programacao/neoway_case/dbt-env/lib/python3.10/site-packages/dbt/include/starter_project
[0m13:24:32.332655 [info ] [MainThread]: 
Your new dbt project "neoway_case" was created!

For more information on how to configure the profiles.yml file,
please consult the dbt documentation here:

  https://docs.getdbt.com/docs/configure-your-profile

One more thing:

Need help? Don't hesitate to reach out to us via GitHub issues or on Slack:

  https://community.getdbt.com/

Happy modeling!

[0m13:24:32.333311 [info ] [MainThread]: Setting up your profile.
[0m13:25:52.411074 [info ] [MainThread]: Profile neoway_case written to /home/viniciusgadea/.dbt/profiles.yml using target's profile_template.yml and your supplied values. Run 'dbt debug' to validate the connection.
[0m13:25:52.419103 [debug] [MainThread]: Resource report: {"command_name": "init", "command_success": true, "command_wall_clock_time": 80.15355, "process_user_time": 1.790508, "process_kernel_time": 1.466053, "process_mem_max_rss": "185844", "process_in_blocks": "149170", "process_out_blocks": "80"}
[0m13:25:52.421950 [debug] [MainThread]: Command `dbt init` succeeded at 13:25:52.421649 after 80.16 seconds
[0m13:25:52.423393 [debug] [MainThread]: Sending event: {'category': 'dbt', 'action': 'invocation', 'label': 'end', 'context': [<snowplow_tracker.self_describing_json.SelfDescribingJson object at 0x7103abdc94e0>, <snowplow_tracker.self_describing_json.SelfDescribingJson object at 0x7103aab3dd20>, <snowplow_tracker.self_describing_json.SelfDescribingJson object at 0x7103aa4ee4a0>]}
[0m13:25:52.424482 [debug] [MainThread]: Flushing usage events
[0m13:26:07.451537 [debug] [MainThread]: Sending event: {'category': 'dbt', 'action': 'invocation', 'label': 'start', 'context': [<snowplow_tracker.self_describing_json.SelfDescribingJson object at 0x7e28d3f0d3f0>, <snowplow_tracker.self_describing_json.SelfDescribingJson object at 0x7e28d2642380>, <snowplow_tracker.self_describing_json.SelfDescribingJson object at 0x7e28d2642320>]}


============================== 13:26:07.456213 | 638ce1f1-9700-49e2-8619-8313f45df439 ==============================
[0m13:26:07.456213 [info ] [MainThread]: Running with dbt=1.8.1
[0m13:26:07.456915 [debug] [MainThread]: running dbt with arguments {'printer_width': '80', 'indirect_selection': 'eager', 'write_json': 'True', 'log_cache_events': 'False', 'partial_parse': 'True', 'cache_selected_only': 'False', 'profiles_dir': '/home/viniciusgadea/.dbt', 'version_check': 'True', 'debug': 'False', 'log_path': 'logs', 'warn_error': 'None', 'fail_fast': 'False', 'use_colors': 'True', 'use_experimental_parser': 'False', 'no_print': 'None', 'quiet': 'False', 'log_format': 'default', 'introspect': 'True', 'invocation_command': 'dbt debug', 'warn_error_options': 'WarnErrorOptions(include=[], exclude=[])', 'target_path': 'None', 'static_parser': 'True', 'send_anonymous_usage_stats': 'True'}
[0m13:26:07.469845 [info ] [MainThread]: dbt version: 1.8.1
[0m13:26:07.470931 [info ] [MainThread]: python version: 3.10.12
[0m13:26:07.472002 [info ] [MainThread]: python path: /home/viniciusgadea/Projetos_programacao/neoway_case/dbt-env/bin/python3
[0m13:26:07.473005 [info ] [MainThread]: os info: Linux-6.5.0-35-generic-x86_64-with-glibc2.35
[0m13:26:08.259879 [info ] [MainThread]: Using profiles dir at /home/viniciusgadea/.dbt
[0m13:26:08.260511 [info ] [MainThread]: Using profiles.yml file at /home/viniciusgadea/.dbt/profiles.yml
[0m13:26:08.261171 [info ] [MainThread]: Using dbt_project.yml file at /home/viniciusgadea/Projetos_programacao/neoway_case/dbt_project.yml
[0m13:26:08.261779 [info ] [MainThread]: adapter type: bigquery
[0m13:26:08.262264 [info ] [MainThread]: adapter version: 1.8.1
[0m13:26:08.262708 [info ] [MainThread]: Configuration:
[0m13:26:08.263136 [info ] [MainThread]:   profiles.yml file [[32mOK found and valid[0m]
[0m13:26:08.263546 [info ] [MainThread]:   dbt_project.yml file [[31mERROR not found[0m]
[0m13:26:08.263963 [info ] [MainThread]: Required dependencies:
[0m13:26:08.264387 [debug] [MainThread]: Executing "git --help"
[0m13:26:08.275721 [debug] [MainThread]: STDOUT: "b"usage: git [--version] [--help] [-C <path>] [-c <name>=<value>]\n           [--exec-path[=<path>]] [--html-path] [--man-path] [--info-path]\n           [-p | --paginate | -P | --no-pager] [--no-replace-objects] [--bare]\n           [--git-dir=<path>] [--work-tree=<path>] [--namespace=<name>]\n           [--super-prefix=<path>] [--config-env=<name>=<envvar>]\n           <command> [<args>]\n\nThese are common Git commands used in various situations:\n\nstart a working area (see also: git help tutorial)\n   clone     Clone a repository into a new directory\n   init      Create an empty Git repository or reinitialize an existing one\n\nwork on the current change (see also: git help everyday)\n   add       Add file contents to the index\n   mv        Move or rename a file, a directory, or a symlink\n   restore   Restore working tree files\n   rm        Remove files from the working tree and from the index\n\nexamine the history and state (see also: git help revisions)\n   bisect    Use binary search to find the commit that introduced a bug\n   diff      Show changes between commits, commit and working tree, etc\n   grep      Print lines matching a pattern\n   log       Show commit logs\n   show      Show various types of objects\n   status    Show the working tree status\n\ngrow, mark and tweak your common history\n   branch    List, create, or delete branches\n   commit    Record changes to the repository\n   merge     Join two or more development histories together\n   rebase    Reapply commits on top of another base tip\n   reset     Reset current HEAD to the specified state\n   switch    Switch branches\n   tag       Create, list, delete or verify a tag object signed with GPG\n\ncollaborate (see also: git help workflows)\n   fetch     Download objects and refs from another repository\n   pull      Fetch from and integrate with another repository or a local branch\n   push      Update remote refs along with associated objects\n\n'git help -a' and 'git help -g' list available subcommands and some\nconcept guides. See 'git help <command>' or 'git help <concept>'\nto read about a specific subcommand or concept.\nSee 'git help git' for an overview of the system.\n""
[0m13:26:08.276413 [debug] [MainThread]: STDERR: "b''"
[0m13:26:08.276831 [info ] [MainThread]:  - git [[32mOK found[0m]

[0m13:26:08.277310 [info ] [MainThread]: Connection:
[0m13:26:08.277770 [info ] [MainThread]:   method: service-account
[0m13:26:08.278280 [info ] [MainThread]:   database: neowaycase
[0m13:26:08.278774 [info ] [MainThread]:   execution_project: neowaycase
[0m13:26:08.279269 [info ] [MainThread]:   schema: neoway_empresas
[0m13:26:08.279776 [info ] [MainThread]:   location: US
[0m13:26:08.280291 [info ] [MainThread]:   priority: interactive
[0m13:26:08.280728 [info ] [MainThread]:   maximum_bytes_billed: None
[0m13:26:08.281187 [info ] [MainThread]:   impersonate_service_account: None
[0m13:26:08.281670 [info ] [MainThread]:   job_retry_deadline_seconds: None
[0m13:26:08.282236 [info ] [MainThread]:   job_retries: 1
[0m13:26:08.282886 [info ] [MainThread]:   job_creation_timeout_seconds: None
[0m13:26:08.283398 [info ] [MainThread]:   job_execution_timeout_seconds: 300
[0m13:26:08.283910 [info ] [MainThread]:   timeout_seconds: 300
[0m13:26:08.284536 [info ] [MainThread]:   client_id: None
[0m13:26:08.285484 [info ] [MainThread]:   token_uri: None
[0m13:26:08.286650 [info ] [MainThread]:   dataproc_region: None
[0m13:26:08.287320 [info ] [MainThread]:   dataproc_cluster_name: None
[0m13:26:08.288062 [info ] [MainThread]:   gcs_bucket: None
[0m13:26:08.288643 [info ] [MainThread]:   dataproc_batch: None
[0m13:26:08.289297 [info ] [MainThread]: Registered adapter: bigquery=1.8.1
[0m13:26:08.293513 [debug] [MainThread]: Acquiring new bigquery connection 'debug'
[0m13:26:08.294542 [debug] [MainThread]: Opening a new connection, currently in state init
[0m13:26:08.298225 [debug] [MainThread]: On debug: select 1 as id
[0m13:26:09.827836 [debug] [MainThread]: BigQuery adapter: https://console.cloud.google.com/bigquery?project=neowaycase&j=bq:US:4d7af8f9-f8da-4325-b28f-18483525b860&page=queryresults
[0m13:26:10.634787 [info ] [MainThread]:   Connection test: [[32mOK connection ok[0m]

[0m13:26:10.636279 [info ] [MainThread]: [31m1 check failed:[0m
[0m13:26:10.637489 [info ] [MainThread]: Project loading failed for the following reason:
 project path </home/viniciusgadea/Projetos_programacao/neoway_case/dbt_project.yml> not found

[0m13:26:10.639295 [debug] [MainThread]: Resource report: {"command_name": "debug", "command_wall_clock_time": 3.2391613, "process_user_time": 1.99616, "process_kernel_time": 1.413607, "process_mem_max_rss": "187264", "process_in_blocks": "121138", "process_out_blocks": "24", "command_success": false}
[0m13:26:10.640051 [debug] [MainThread]: Command `dbt debug` failed at 13:26:10.639942 after 3.24 seconds
[0m13:26:10.640546 [debug] [MainThread]: Connection 'debug' was properly closed.
[0m13:26:10.641145 [debug] [MainThread]: Sending event: {'category': 'dbt', 'action': 'invocation', 'label': 'end', 'context': [<snowplow_tracker.self_describing_json.SelfDescribingJson object at 0x7e28d3f0d3f0>, <snowplow_tracker.self_describing_json.SelfDescribingJson object at 0x7e28b44fbc40>, <snowplow_tracker.self_describing_json.SelfDescribingJson object at 0x7e28b44fb6a0>]}
[0m13:26:10.641855 [debug] [MainThread]: Flushing usage events
[0m18:11:01.087330 [debug] [MainThread]: Sending event: {'category': 'dbt', 'action': 'invocation', 'label': 'start', 'context': [<snowplow_tracker.self_describing_json.SelfDescribingJson object at 0x73876cc794e0>, <snowplow_tracker.self_describing_json.SelfDescribingJson object at 0x73876b3c64d0>, <snowplow_tracker.self_describing_json.SelfDescribingJson object at 0x73876b3c6530>]}


============================== 18:11:01.091589 | 6dbbdd5f-749f-4ee9-ad30-325716217557 ==============================
[0m18:11:01.091589 [info ] [MainThread]: Running with dbt=1.8.1
[0m18:11:01.092316 [debug] [MainThread]: running dbt with arguments {'printer_width': '80', 'indirect_selection': 'eager', 'write_json': 'True', 'log_cache_events': 'False', 'partial_parse': 'True', 'cache_selected_only': 'False', 'warn_error': 'None', 'version_check': 'True', 'profiles_dir': '/home/viniciusgadea/.dbt', 'log_path': 'logs', 'fail_fast': 'False', 'debug': 'False', 'use_colors': 'True', 'use_experimental_parser': 'False', 'no_print': 'None', 'quiet': 'False', 'log_format': 'default', 'invocation_command': 'dbt seed', 'introspect': 'True', 'static_parser': 'True', 'target_path': 'None', 'warn_error_options': 'WarnErrorOptions(include=[], exclude=[])', 'send_anonymous_usage_stats': 'True'}
[0m18:11:01.092926 [error] [MainThread]: Encountered an error:
Runtime Error
  No dbt_project.yml found at expected path /home/viniciusgadea/Projetos_programacao/neoway_case/dbt_project.yml
  Verify that each entry within packages.yml (and their transitive dependencies) contains a file named dbt_project.yml
  
[0m18:11:01.094005 [debug] [MainThread]: Resource report: {"command_name": "seed", "command_wall_clock_time": 0.05115369, "process_user_time": 1.088093, "process_kernel_time": 0.055254, "process_mem_max_rss": "85464", "process_in_blocks": "57816", "process_out_blocks": "16", "command_success": false}
[0m18:11:01.094616 [debug] [MainThread]: Command `dbt seed` failed at 18:11:01.094527 after 0.05 seconds
[0m18:11:01.095087 [debug] [MainThread]: Sending event: {'category': 'dbt', 'action': 'invocation', 'label': 'end', 'context': [<snowplow_tracker.self_describing_json.SelfDescribingJson object at 0x73876cc794e0>, <snowplow_tracker.self_describing_json.SelfDescribingJson object at 0x73876b3c6440>, <snowplow_tracker.self_describing_json.SelfDescribingJson object at 0x73876b3c6500>]}
[0m18:11:01.095533 [debug] [MainThread]: Flushing usage events
